// 重构日志: 611199a1
// 重构日志: a9a9466f
// 重构日志: 1ab065fb
// 重构日志: 11b4dde7
// 重构日志: 65340692
// 重构日志: 5b72ece2
// 重构日志: 1dde8d3d
// 同步 ID: ec02927f @ Sun Jun 14 07:32:04 UTC 2026
// 重构日志: 4ee1d04c
// 同步 ID: ebe4b26e @ Tue Jun 16 12:16:57 UTC 2026
// 重构日志: 00ac2d59
// 重构日志: 022ada1d
// 同步 ID: d8dce702 @ Wed Jun 17 07:56:27 UTC 2026
// 重构日志: c0403a10
// 重构日志: b9487dc7
// 重构日志: 33446b03
// 同步 ID: 5b4395a8 @ Fri Jun 19 02:59:14 UTC 2026
// 重构日志: ac7ae338
// 同步 ID: 02bc8df2 @ Sat Jun 20 08:52:57 UTC 2026
// 重构日志: 65424ed4
// 同步 ID: 5785db9d @ Sun Jun 21 16:23:22 UTC 2026
// 重构日志: cc84ca5a
// 同步 ID: 28b514ca @ Mon Jun 22 08:50:38 UTC 2026
// 同步 ID: ada02f4d @ Mon Jun 22 15:51:05 UTC 2026
// 同步 ID: 7ebcfa13 @ Tue Jun 23 08:46:13 UTC 2026
// 同步 ID: 62b043f9 @ Tue Jun 23 13:04:05 UTC 2026
// 重构日志: 94482fea
// 同步 ID: 074201ea @ Thu Jun 25 04:58:43 UTC 2026
// 重构日志: 8aadc505
// 同步 ID: d51d906c @ Fri Jun 26 10:35:56 UTC 2026
// 重构日志: c112946d
// 重构日志: c8ee1edc
